<?xml version="1.0" encoding="UTF-8"?>
<testsuite xmlns:xsi="http://www.w3.org/2001/XMLSchema-instance" xsi:noNamespaceSchemaLocation="https://maven.apache.org/surefire/maven-surefire-plugin/xsd/surefire-test-report-3.0.xsd" version="3.0" name="TestSuite" time="23.693" tests="2" errors="0" skipped="1" failures="1">
  <properties>
[...]
</properties>
  <testcase name="Open_Browser" classname="test.executeTest" time="17.448">
    <failure message="unknown error: Runtime.executionContextCreated has invalid &apos;context&apos;: {&quot;auxData&quot;:{&quot;frameId&quot;:&quot;67248B6D9CBF4ADC65BDF36A9255105F&quot;,&quot;isDefault&quot;:true,&quot;type&quot;:&quot;default&quot;},&quot;id&quot;:1,&quot;name&quot;:&quot;&quot;,&quot;origin&quot;:&quot;://&quot;}&#10;  (Session info: chrome=76.0.3809.132)&#10;  (Driver info: chromedriver=2.9.248315,platform=Windows NT 6.3 x86_64) (WARNING: The server did not provide any stacktrace information)&#10;Command duration or timeout: 5.05 seconds&#10;Build info: version: &apos;2.53.0&apos;, revision: &apos;35ae25b1534ae328c771e0856c93e187490ca824&apos;, time: &apos;2016-03-15 10:43:46&apos;&#10;System info: host: &apos;GDC-UmeshK-LPT&apos;, ip: &apos;10.9.33.95&apos;, os.name: &apos;Windows 10&apos;, os.arch: &apos;amd64&apos;, os.version: &apos;10.0&apos;, java.version: &apos;1.8.0_181&apos;&#10;Driver info: org.openqa.selenium.chrome.ChromeDriver&#10;Capabilities [{applicationCacheEnabled=false, rotatable=false, chrome={userDataDir=C:\Users\UMESH~1.KUM\AppData\Local\Temp\scoped_dir19548_28844}, takesHeapSnapshot=true, databaseEnabled=false, handlesAlerts=true, version=76.0.3809.132, platform=XP, browserConnectionEnabled=false, nativeEvents=true, acceptSslCerts=true, locationContextEnabled=true, webStorageEnabled=true, browserName=chrome, takesScreenshot=true, javascriptEnabled=true, cssSelectorsEnabled=true}]&#10;Session ID: af2764cdba18f7b3584d5c2a2e2f29fd" type="org.openqa.selenium.WebDriverException">org.openqa.selenium.WebDriverException: 
unknown error: Runtime.executionContextCreated has invalid 'context': {"auxData":{"frameId":"67248B6D9CBF4ADC65BDF36A9255105F","isDefault":true,"type":"default"},"id":1,"name":"","origin":"://"}
  (Session info: chrome=76.0.3809.132)
  (Driver info: chromedriver=2.9.248315,platform=Windows NT 6.3 x86_64) (WARNING: The server did not provide any stacktrace information)
Command duration or timeout: 5.05 seconds
Build info: version: '2.53.0', revision: '35ae25b1534ae328c771e0856c93e187490ca824', time: '2016-03-15 10:43:46'
System info: host: 'GDC-UmeshK-LPT', ip: '10.9.33.95', os.name: 'Windows 10', os.arch: 'amd64', os.version: '10.0', java.version: '1.8.0_181'
Driver info: org.openqa.selenium.chrome.ChromeDriver
Capabilities [{applicationCacheEnabled=false, rotatable=false, chrome={userDataDir=C:\Users\UMESH~1.KUM\AppData\Local\Temp\scoped_dir19548_28844}, takesHeapSnapshot=true, databaseEnabled=false, handlesAlerts=true, version=76.0.3809.132, platform=XP, browserConnectionEnabled=false, nativeEvents=true, acceptSslCerts=true, locationContextEnabled=true, webStorageEnabled=true, browserName=chrome, takesScreenshot=true, javascriptEnabled=true, cssSelectorsEnabled=true}]
Session ID: af2764cdba18f7b3584d5c2a2e2f29fd
</failure>
    <system-err><![CDATA[Starting ChromeDriver (v2.9.248315) on port 42287
]]></system-err>
  </testcase>
  <testcase name="loginApp" classname="test.executeTest" time="0">
    <skipped message="unknown error: Runtime.executionContextCreated has invalid &apos;context&apos;: {&quot;auxData&quot;:{&quot;frameId&quot;:&quot;67248B6D9CBF4ADC65BDF36A9255105F&quot;,&quot;isDefault&quot;:true,&quot;type&quot;:&quot;default&quot;},&quot;id&quot;:1,&quot;name&quot;:&quot;&quot;,&quot;origin&quot;:&quot;://&quot;}&#10;  (Session info: chrome=76.0.3809.132)&#10;  (Driver info: chromedriver=2.9.248315,platform=Windows NT 6.3 x86_64) (WARNING: The server did not provide any stacktrace information)&#10;Command duration or timeout: 5.05 seconds&#10;Build info: version: &apos;2.53.0&apos;, revision: &apos;35ae25b1534ae328c771e0856c93e187490ca824&apos;, time: &apos;2016-03-15 10:43:46&apos;&#10;System info: host: &apos;GDC-UmeshK-LPT&apos;, ip: &apos;10.9.33.95&apos;, os.name: &apos;Windows 10&apos;, os.arch: &apos;amd64&apos;, os.version: &apos;10.0&apos;, java.version: &apos;1.8.0_181&apos;&#10;Driver info: org.openqa.selenium.chrome.ChromeDriver&#10;Capabilities [{applicationCacheEnabled=false, rotatable=false, chrome={userDataDir=C:\Users\UMESH~1.KUM\AppData\Local\Temp\scoped_dir19548_28844}, takesHeapSnapshot=true, databaseEnabled=false, handlesAlerts=true, version=76.0.3809.132, platform=XP, browserConnectionEnabled=false, nativeEvents=true, acceptSslCerts=true, locationContextEnabled=true, webStorageEnabled=true, browserName=chrome, takesScreenshot=true, javascriptEnabled=true, cssSelectorsEnabled=true}]&#10;Session ID: af2764cdba18f7b3584d5c2a2e2f29fd"/>
  </testcase>
</testsuite>